<?xml version="1.0" encoding="UTF-8"?>
<!-- Generated by org.testng.reporters.JUnitReportReporter -->
<testsuite hostname="DESKTOP-CMMN98B" failures="0" tests="1" name="Org.OrgCreate" time="0.023" errors="0" timestamp="08 Aug 2024 16:14:17 GMT" skipped="0">
  <testcase classname="Org.OrgCreate" name="clickOrg" time="0.023"/>
</testsuite> <!-- Org.OrgCreate -->
