<?xml version="1.0" encoding="UTF-8"?>
<!-- Generated by org.testng.reporters.JUnitReportReporter -->
<testsuite hostname="DESKTOP-CMMN98B" failures="0" tests="1" name="Org.OrgCreate" time="0.003" errors="0" timestamp="09 Aug 2024 12:42:56 GMT" skipped="0">
  <testcase classname="Org.OrgCreate" name="createOrg" time="0.003"/>
</testsuite> <!-- Org.OrgCreate -->
