<?xml version="1.0" encoding="UTF-8"?>
<!-- Generated by org.testng.reporters.JUnitReportReporter -->
<testsuite hostname="DESKTOP-CMMN98B" failures="0" tests="1" name="Contact.Contact" time="0.058" errors="0" timestamp="08 Aug 2024 16:39:53 GMT" skipped="0">
  <testcase classname="Contact.Contact" name="clickContect" time="0.058"/>
</testsuite> <!-- Contact.Contact -->
