<?xml version="1.0" encoding="UTF-8"?>
<!-- Generated by org.testng.reporters.JUnitReportReporter -->
<testsuite hostname="DESKTOP-CMMN98B" failures="0" tests="1" name="Contact.Contact" time="0.026" errors="0" timestamp="09 Aug 2024 02:54:11 GMT" skipped="0">
  <testcase classname="Contact.Contact" name="clickContect" time="0.026"/>
</testsuite> <!-- Contact.Contact -->
